----- CLI crash report at 2025-11-03T12:01:03.273Z
Error Trace
FailedToIdentifyProgramFlow: FailedToIdentifyProgramFlow
    at _Command.<anonymous> (C:\Users\ASUS\AppData\Roaming\npm\node_modules\@wix\cli\src\program.ts:76:15)
    at _Command.emit (node:events:519:28)
    at _Command._parseCommand (C:\Users\ASUS\AppData\Roaming\npm\node_modules\node_modules\commander\lib\command.js:1607:14)
    at _Command.parseAsync (C:\Users\ASUS\AppData\Roaming\npm\node_modules\node_modules\commander\lib\command.js:1104:16)
    at <anonymous> (C:\Users\ASUS\AppData\Roaming\npm\node_modules\@wix\cli\src\index.tsx:88:39)
Error Info
{}
----- CLI crash report at 2025-11-12T12:40:50.532Z
Error Trace
FailedToIdentifyProgramFlow: FailedToIdentifyProgramFlow
    at _Command.<anonymous> (C:\Users\ASUS\AppData\Roaming\npm\node_modules\@wix\cli\src\program.ts:76:15)
    at _Command.emit (node:events:519:28)
    at _Command._parseCommand (C:\Users\ASUS\AppData\Roaming\npm\node_modules\node_modules\commander\lib\command.js:1607:14)
    at _Command.parseAsync (C:\Users\ASUS\AppData\Roaming\npm\node_modules\node_modules\commander\lib\command.js:1104:16)
    at <anonymous> (C:\Users\ASUS\AppData\Roaming\npm\node_modules\@wix\cli\src\index.tsx:88:39)
Error Info
{}
